BUILD: Examining f:\visualvnc-20130326\sys directory for files to compile.
oacr invalidate root:x86chk /autocleanqueue
warnings in directory f:\visualvnc-20130326\sys
hook.c and ..\hook.cpp exist
1>Compiling and Linking f:\visualvnc-20130326\sys *************
1>'nmake.exe /nologo BUILDMSG=Stop. -i BUILD_PASS=PASS2 LINKONLY=1 NOPASS0=1 MAKEDIR_RELATIVE_TO_BASEDIR='
1> rc.exe -l 409 -DSXS_PROCESSOR_ARCHITECTURE="""x86"""  -DSXS_TARGET="""passthru.sys"""   -DSYSTEM_COMPATIBLE_ASSEMBLY_NAME="""Microsoft.Windows.SystemCompatible"""  -DLSYSTEM_COMPATIBLE_ASSEMBLY_NAME=L"""Microsoft.Windows.SystemCompatible"""   -DSXS_ASSEMBLY_VERSION=""""""  /r /fo f:\visualvnc-20130326\sys\objchk_win7_x86\i386\passthru.res /D_X86_=1 /Di386=1  /DSTD_CALL /DCONDITION_HANDLING=1 /DNT_UP=1  /DNT_INST=0 /DWIN32=100 /D_NT1X_=100 /DWINNT=1 /D_WIN32_WINNT=0x0601 /DWINVER=0x0601 /D_WIN32_IE=0x0800    /DWIN32_LEAN_AND_MEAN=1  /DDEVL=1 /DDBG=1 /D__BUILDMACHINE__=WinDDK /DFPO=0   /D_DLL=1 /DNDEBUG  -DNDIS_MINIPORT_DRIVER -DNDIS_WDM=1 -DNDIS51_MINIPORT=1 -DNDIS51=1 /DDEPRECATE_DDK_FUNCTIONS=1 /DMSC_NOOPT /DNTDDI_VERSION=0x06010000   /If:\visualvnc-20130326\sys\objchk_win7_x86\i386 /IE:\WinDDK\7600.16385.1\inc\api /IE:\WinDDK\7600.16385.1\inc\api /IE:\WinDDK\7600.16385.1\inc\ddk /IE:\WinDDK\7600.16385.1\inc\ddk /IE:\WinDDK\7600.16385.1\inc\crt .\passthru.rc
1>Microsoft (R) Windows (R) Resource Compiler Version 6.1.6908.0
1>Copyright (C) Microsoft Corporation.  All rights reserved.
1> E:\WinDDK\7600.16385.1\Bin\x86\oacr\oacrcl @f:\visualvnc-20130326\sys\objchk_win7_x86\i386\cl.rsp
1>Microsoft (R) 32-bit C/C++ Optimizing Compiler Version 15.00.30729.207 for 80x86
1>Copyright (C) Microsoft Corporation.  All rights reserved.
1>cl /Fo"f:\visualvnc-20130326\sys\objchk_win7_x86\i386/"
1> /FC
1> /Ii386
1> /I.
1> /If:\visualvnc-20130326\sys\objchk_win7_x86\i386
1> /IE:\WinDDK\7600.16385.1\inc\api
1> /IE:\WinDDK\7600.16385.1\inc\api
1> /IE:\WinDDK\7600.16385.1\inc\ddk
1> /IE:\WinDDK\7600.16385.1\inc\ddk
1> /IE:\WinDDK\7600.16385.1\inc\crt
1> /D_X86_=1
1> /Di386=1
1> /DSTD_CALL
1> /DCONDITION_HANDLING=1
1> /DNT_UP=1
1> /DNT_INST=0
1> /DWIN32=100
1> /D_NT1X_=100
1> /DWINNT=1
1> /D_WIN32_WINNT=0x0601
1> /DWINVER=0x0601
1> /D_WIN32_IE=0x0800
1> /DWIN32_LEAN_AND_MEAN=1
1> /DDEVL=1
1> /DDBG=1
1> /D__BUILDMACHINE__=WinDDK
1> /DFPO=0
1> /D_DLL=1
1> /DNDEBUG
1> -DNDIS_MINIPORT_DRIVER
1> -DNDIS_WDM=1
1> -DNDIS51_MINIPORT=1
1> -DNDIS51=1
1> /DDEPRECATE_DDK_FUNCTIONS=1
1> /DMSC_NOOPT
1> /DNTDDI_VERSION=0x06010000
1> /c
1> /Zc:wchar_t-
1> /Zl
1> /Zp8
1> /Gy
1> /Gm-
1> -cbstring
1> /W3
1> /Gz
1> /hotpatch
1> /EHs-c-
1> /GR-
1> /GF
1> /GS
1> /Zi
1> /Od
1> /Oi
1> /Oy-
1> /Zi
1> /Fdf:\visualvnc-20130326\sys\objchk_win7_x86\i386\
1> /DKMDF_MAJOR_VERSION_STRING=01
1> /DKMDF_MINOR_VERSION_STRING=009
1> /wd4603
1> /wd4627
1> /typedil-
1> /FIE:\WinDDK\7600.16385.1\inc\api\warning.h
1> .\miniport.c .\passthru.c .\protocol.c .\analysispacket.c .\hook.c 
1>miniport.c
1>f:\visualvnc-20130326\sys\passthru.h(23) : warning C4103: 'f:\visualvnc-20130326\sys\passthru.h' : alignment changed after including header, may be due to missing #pragma pack(pop)
1>warnings in directory f:\visualvnc-20130326\sys
1>f:\visualvnc-20130326\sys\passthru.h(23) : warning C4103: 'f:\visualvnc-20130326\sys\passthru.h' : alignment changed after including header, may be due to missing #pragma pack(pop)
1>f:\visualvnc-20130326\sys\passthru.h(25) : warning C4005: 'NTDDI_VERSION' : macro redefinition
1>f:\visualvnc-20130326\sys\passthru.h(25) : warning C4005: 'NTDDI_VERSION' : macro redefinition
1> command-line arguments :  see previous definition of 'NTDDI_VERSION'
1>f:\visualvnc-20130326\sys\precomp.h(10) : warning C4103: 'f:\visualvnc-20130326\sys\precomp.h' : alignment changed after including header, may be due to missing #pragma pack(pop)
1>f:\visualvnc-20130326\sys\precomp.h(10) : warning C4103: 'f:\visualvnc-20130326\sys\precomp.h' : alignment changed after including header, may be due to missing #pragma pack(pop)
1>f:\visualvnc-20130326\sys\miniport.c(23) : warning C4103: 'f:\visualvnc-20130326\sys\miniport.c' : alignment changed after including header, may be due to missing #pragma pack(pop)
1>f:\visualvnc-20130326\sys\miniport.c(23) : warning C4103: 'f:\visualvnc-20130326\sys\miniport.c' : alignment changed after including header, may be due to missing #pragma pack(pop)
1>passthru.c
1>f:\visualvnc-20130326\sys\passthru.h(23) : warning C4103: 'f:\visualvnc-20130326\sys\passthru.h' : alignment changed after including header, may be due to missing #pragma pack(pop)
1>f:\visualvnc-20130326\sys\passthru.h(23) : warning C4103: 'f:\visualvnc-20130326\sys\passthru.h' : alignment changed after including header, may be due to missing #pragma pack(pop)
1>f:\visualvnc-20130326\sys\passthru.h(25) : warning C4005: 'NTDDI_VERSION' : macro redefinition
1>f:\visualvnc-20130326\sys\passthru.h(25) : warning C4005: 'NTDDI_VERSION' : macro redefinition
1> command-line arguments :  see previous definition of 'NTDDI_VERSION'
1>f:\visualvnc-20130326\sys\precomp.h(10) : warning C4103: 'f:\visualvnc-20130326\sys\precomp.h' : alignment changed after including header, may be due to missing #pragma pack(pop)
1>f:\visualvnc-20130326\sys\precomp.h(10) : warning C4103: 'f:\visualvnc-20130326\sys\precomp.h' : alignment changed after including header, may be due to missing #pragma pack(pop)
1>f:\visualvnc-20130326\sys\passthru.c(24) : warning C4103: 'f:\visualvnc-20130326\sys\passthru.c' : alignment changed after including header, may be due to missing #pragma pack(pop)
1>f:\visualvnc-20130326\sys\passthru.c(24) : warning C4103: 'f:\visualvnc-20130326\sys\passthru.c' : alignment changed after including header, may be due to missing #pragma pack(pop)
1>f:\visualvnc-20130326\sys\passthru.c(541) : warning C4047: 'function' : 'ULONG' differs in levels of indirection from 'char [6]'
1>f:\visualvnc-20130326\sys\passthru.c(541) : warning C4047: 'function' : 'ULONG' differs in levels of indirection from 'char [6]'
1>f:\visualvnc-20130326\sys\passthru.c(541) : warning C4024: 'ExAllocatePoolWithTag' : different types for formal and actual parameter 3
1>f:\visualvnc-20130326\sys\passthru.c(541) : warning C4024: 'ExAllocatePoolWithTag' : different types for formal and actual parameter 3
1>f:\visualvnc-20130326\sys\passthru.c(577) : warning C4047: 'function' : 'ULONG' differs in levels of indirection from 'char [6]'
1>f:\visualvnc-20130326\sys\passthru.c(577) : warning C4047: 'function' : 'ULONG' differs in levels of indirection from 'char [6]'
1>f:\visualvnc-20130326\sys\passthru.c(577) : warning C4024: 'ExAllocatePoolWithTag' : different types for formal and actual parameter 3
1>f:\visualvnc-20130326\sys\passthru.c(577) : warning C4024: 'ExAllocatePoolWithTag' : different types for formal and actual parameter 3
1>f:\visualvnc-20130326\sys\passthru.c(605) : warning C4047: 'function' : 'ULONG' differs in levels of indirection from 'char [6]'
1>f:\visualvnc-20130326\sys\passthru.c(605) : warning C4047: 'function' : 'ULONG' differs in levels of indirection from 'char [6]'
1>f:\visualvnc-20130326\sys\passthru.c(605) : warning C4024: 'ExAllocatePoolWithTag' : different types for formal and actual parameter 3
1>f:\visualvnc-20130326\sys\passthru.c(605) : warning C4024: 'ExAllocatePoolWithTag' : different types for formal and actual parameter 3
1>f:\visualvnc-20130326\sys\passthru.c(675) : warning C4133: '=' : incompatible types - from 'PNT_Core_Rule' to 'PCore_Rule'
1>f:\visualvnc-20130326\sys\passthru.c(675) : warning C4133: '=' : incompatible types - from 'PNT_Core_Rule' to 'PCore_Rule'
1>f:\visualvnc-20130326\sys\passthru.c(682) : warning C4133: '=' : incompatible types - from 'PNT_Mapping_Rule' to 'PMapping_Rule'
1>f:\visualvnc-20130326\sys\passthru.c(682) : warning C4133: '=' : incompatible types - from 'PNT_Mapping_Rule' to 'PMapping_Rule'
1>f:\visualvnc-20130326\sys\passthru.c(881) : warning C4047: '!=' : 'PLIST_ENTRY' differs in levels of indirection from '_LIST_ENTRY **'
1>f:\visualvnc-20130326\sys\passthru.c(881) : warning C4047: '!=' : 'PLIST_ENTRY' differs in levels of indirection from '_LIST_ENTRY **'
1>f:\visualvnc-20130326\sys\passthru.c(991) : warning C4047: '=' : 'PNDIS_PACKET' differs in levels of indirection from 'unsigned int'
1>f:\visualvnc-20130326\sys\passthru.c(991) : warning C4047: '=' : 'PNDIS_PACKET' differs in levels of indirection from 'unsigned int'
1>f:\visualvnc-20130326\sys\passthru.c(1139) : warning C4098: 'freePacketBufferAndMemory' : 'void' function returning a value
1>f:\visualvnc-20130326\sys\passthru.c(1139) : warning C4098: 'freePacketBufferAndMemory' : 'void' function returning a value
1>f:\visualvnc-20130326\sys\passthru.c(1161) : warning C4098: 'freePacketBufferAndMemory' : 'void' function returning a value
1>f:\visualvnc-20130326\sys\passthru.c(1161) : warning C4098: 'freePacketBufferAndMemory' : 'void' function returning a value
1>f:\visualvnc-20130326\sys\passthru.c(1192) : warning C4098: 'dprFreePacketBufferAndMemory' : 'void' function returning a value
1>f:\visualvnc-20130326\sys\passthru.c(1192) : warning C4098: 'dprFreePacketBufferAndMemory' : 'void' function returning a value
1>f:\visualvnc-20130326\sys\passthru.c(1214) : warning C4098: 'dprFreePacketBufferAndMemory' : 'void' function returning a value
1>f:\visualvnc-20130326\sys\passthru.c(1214) : warning C4098: 'dprFreePacketBufferAndMemory' : 'void' function returning a value
1>f:\visualvnc-20130326\sys\passthru.c(1245) : warning C4098: 'freeBufferAndMemory' : 'void' function returning a value
1>f:\visualvnc-20130326\sys\passthru.c(1245) : warning C4098: 'freeBufferAndMemory' : 'void' function returning a value
1>f:\visualvnc-20130326\sys\passthru.c(1267) : warning C4098: 'freeBufferAndMemory' : 'void' function returning a value
1>f:\visualvnc-20130326\sys\passthru.c(1267) : warning C4098: 'freeBufferAndMemory' : 'void' function returning a value
1>f:\visualvnc-20130326\sys\passthru.c(1321) : warning C4047: '!=' : 'PLIST_ENTRY' differs in levels of indirection from '_LIST_ENTRY **'
1>f:\visualvnc-20130326\sys\passthru.c(1321) : warning C4047: '!=' : 'PLIST_ENTRY' differs in levels of indirection from '_LIST_ENTRY **'
1>f:\visualvnc-20130326\sys\passthru.c(1337) : warning C4047: '!=' : 'PLIST_ENTRY' differs in levels of indirection from '_LIST_ENTRY **'
1>f:\visualvnc-20130326\sys\passthru.c(1337) : warning C4047: '!=' : 'PLIST_ENTRY' differs in levels of indirection from '_LIST_ENTRY **'
1>f:\visualvnc-20130326\sys\passthru.c(1353) : warning C4047: '!=' : 'PLIST_ENTRY' differs in levels of indirection from '_LIST_ENTRY **'
1>f:\visualvnc-20130326\sys\passthru.c(1353) : warning C4047: '!=' : 'PLIST_ENTRY' differs in levels of indirection from '_LIST_ENTRY **'
1>f:\visualvnc-20130326\sys\passthru.c(1369) : warning C4047: '!=' : 'PLIST_ENTRY' differs in levels of indirection from '_LIST_ENTRY **'
1>f:\visualvnc-20130326\sys\passthru.c(1369) : warning C4047: '!=' : 'PLIST_ENTRY' differs in levels of indirection from '_LIST_ENTRY **'
1>f:\visualvnc-20130326\sys\passthru.c(1381) : warning C4047: '!=' : 'PLIST_ENTRY' differs in levels of indirection from '_LIST_ENTRY **'
1>f:\visualvnc-20130326\sys\passthru.c(1381) : warning C4047: '!=' : 'PLIST_ENTRY' differs in levels of indirection from '_LIST_ENTRY **'
1>f:\visualvnc-20130326\sys\passthru.c(1561) : warning C4133: 'function' : incompatible types - from 'PUCHAR' to 'USHORT *'
1>f:\visualvnc-20130326\sys\passthru.c(1561) : warning C4133: 'function' : incompatible types - from 'PUCHAR' to 'USHORT *'
1>f:\visualvnc-20130326\sys\passthru.c(1818) : warning C4133: 'function' : incompatible types - from 'PEth_Header' to 'PUCHAR'
1>f:\visualvnc-20130326\sys\passthru.c(1818) : warning C4133: 'function' : incompatible types - from 'PEth_Header' to 'PUCHAR'
1>f:\visualvnc-20130326\sys\passthru.c(1818) : warning C4133: 'function' : incompatible types - from 'PEth_Header' to 'PUCHAR'
1>f:\visualvnc-20130326\sys\passthru.c(1818) : warning C4133: 'function' : incompatible types - from 'PEth_Header' to 'PUCHAR'
1>f:\visualvnc-20130326\sys\passthru.c(1820) : warning C4133: 'function' : incompatible types - from 'PEth_Header' to 'PUCHAR'
1>f:\visualvnc-20130326\sys\passthru.c(1820) : warning C4133: 'function' : incompatible types - from 'PEth_Header' to 'PUCHAR'
1>f:\visualvnc-20130326\sys\passthru.c(1828) : warning C4133: 'function' : incompatible types - from 'PEth_Header' to 'PUCHAR'
1>f:\visualvnc-20130326\sys\passthru.c(1828) : warning C4133: 'function' : incompatible types - from 'PEth_Header' to 'PUCHAR'
1>f:\visualvnc-20130326\sys\passthru.c(1921) : warning C4133: 'function' : incompatible types - from 'PEth_Header' to 'PUCHAR'
1>f:\visualvnc-20130326\sys\passthru.c(1921) : warning C4133: 'function' : incompatible types - from 'PEth_Header' to 'PUCHAR'
1>f:\visualvnc-20130326\sys\passthru.c(1921) : warning C4133: 'function' : incompatible types - from 'PEth_Header' to 'PUCHAR'
1>f:\visualvnc-20130326\sys\passthru.c(1921) : warning C4133: 'function' : incompatible types - from 'PEth_Header' to 'PUCHAR'
1>f:\visualvnc-20130326\sys\passthru.c(1937) : warning C4133: 'function' : incompatible types - from 'PEth_Header' to 'PUCHAR'
1>f:\visualvnc-20130326\sys\passthru.c(1937) : warning C4133: 'function' : incompatible types - from 'PEth_Header' to 'PUCHAR'
1>f:\visualvnc-20130326\sys\passthru.c(1959) : warning C4133: 'function' : incompatible types - from 'PEth_Header' to 'PUCHAR'
1>f:\visualvnc-20130326\sys\passthru.c(1959) : warning C4133: 'function' : incompatible types - from 'PEth_Header' to 'PUCHAR'
1>f:\visualvnc-20130326\sys\passthru.c(1980) : warning C4133: 'function' : incompatible types - from 'PEth_Header' to 'PUCHAR'
1>f:\visualvnc-20130326\sys\passthru.c(1980) : warning C4133: 'function' : incompatible types - from 'PEth_Header' to 'PUCHAR'
1>f:\visualvnc-20130326\sys\passthru.c(2057) : warning C4133: 'function' : incompatible types - from 'PEth_Header' to 'PUCHAR'
1>f:\visualvnc-20130326\sys\passthru.c(2057) : warning C4133: 'function' : incompatible types - from 'PEth_Header' to 'PUCHAR'
1>f:\visualvnc-20130326\sys\passthru.c(2078) : warning C4133: 'function' : incompatible types - from 'PEth_Header' to 'PUCHAR'
1>f:\visualvnc-20130326\sys\passthru.c(2078) : warning C4133: 'function' : incompatible types - from 'PEth_Header' to 'PUCHAR'
1>f:\visualvnc-20130326\sys\passthru.c(2078) : warning C4133: 'function' : incompatible types - from 'PEth_Header' to 'PUCHAR'
1>f:\visualvnc-20130326\sys\passthru.c(2078) : warning C4133: 'function' : incompatible types - from 'PEth_Header' to 'PUCHAR'
1>f:\visualvnc-20130326\sys\passthru.c(2093) : warning C4133: 'function' : incompatible types - from 'PEth_Header' to 'PUCHAR'
1>f:\visualvnc-20130326\sys\passthru.c(2093) : warning C4133: 'function' : incompatible types - from 'PEth_Header' to 'PUCHAR'
1>f:\visualvnc-20130326\sys\passthru.c(2109) : warning C4133: 'function' : incompatible types - from 'PEth_Header' to 'PUCHAR'
1>f:\visualvnc-20130326\sys\passthru.c(2109) : warning C4133: 'function' : incompatible types - from 'PEth_Header' to 'PUCHAR'
1>f:\visualvnc-20130326\sys\passthru.c(2118) : warning C4133: 'function' : incompatible types - from 'PEth_Header' to 'PUCHAR'
1>f:\visualvnc-20130326\sys\passthru.c(2118) : warning C4133: 'function' : incompatible types - from 'PEth_Header' to 'PUCHAR'
1>f:\visualvnc-20130326\sys\passthru.c(2178) : warning C4133: 'function' : incompatible types - from 'PEth_Header' to 'PUCHAR'
1>f:\visualvnc-20130326\sys\passthru.c(2178) : warning C4133: 'function' : incompatible types - from 'PEth_Header' to 'PUCHAR'
1>f:\visualvnc-20130326\sys\passthru.c(2184) : warning C4133: 'function' : incompatible types - from 'PEth_Header' to 'PUCHAR'
1>f:\visualvnc-20130326\sys\passthru.c(2184) : warning C4133: 'function' : incompatible types - from 'PEth_Header' to 'PUCHAR'
1>protocol.c
1>f:\visualvnc-20130326\sys\passthru.h(23) : warning C4103: 'f:\visualvnc-20130326\sys\passthru.h' : alignment changed after including header, may be due to missing #pragma pack(pop)
1>f:\visualvnc-20130326\sys\passthru.h(23) : warning C4103: 'f:\visualvnc-20130326\sys\passthru.h' : alignment changed after including header, may be due to missing #pragma pack(pop)
1>f:\visualvnc-20130326\sys\passthru.h(25) : warning C4005: 'NTDDI_VERSION' : macro redefinition
1>f:\visualvnc-20130326\sys\passthru.h(25) : warning C4005: 'NTDDI_VERSION' : macro redefinition
1> command-line arguments :  see previous definition of 'NTDDI_VERSION'
1>f:\visualvnc-20130326\sys\precomp.h(10) : warning C4103: 'f:\visualvnc-20130326\sys\precomp.h' : alignment changed after including header, may be due to missing #pragma pack(pop)
1>f:\visualvnc-20130326\sys\precomp.h(10) : warning C4103: 'f:\visualvnc-20130326\sys\precomp.h' : alignment changed after including header, may be due to missing #pragma pack(pop)
1>f:\visualvnc-20130326\sys\protocol.c(24) : warning C4103: 'f:\visualvnc-20130326\sys\protocol.c' : alignment changed after including header, may be due to missing #pragma pack(pop)
1>f:\visualvnc-20130326\sys\protocol.c(24) : warning C4103: 'f:\visualvnc-20130326\sys\protocol.c' : alignment changed after including header, may be due to missing #pragma pack(pop)
1>f:\visualvnc-20130326\sys\protocol.c(895) : warning C4047: '==' : 'PNDIS_PACKET' differs in levels of indirection from 'unsigned int'
1>f:\visualvnc-20130326\sys\protocol.c(895) : warning C4047: '==' : 'PNDIS_PACKET' differs in levels of indirection from 'unsigned int'
1>analysispacket.c
1>f:\visualvnc-20130326\sys\passthru.h(23) : warning C4103: 'f:\visualvnc-20130326\sys\passthru.h' : alignment changed after including header, may be due to missing #pragma pack(pop)
1>f:\visualvnc-20130326\sys\passthru.h(23) : warning C4103: 'f:\visualvnc-20130326\sys\passthru.h' : alignment changed after including header, may be due to missing #pragma pack(pop)
1>f:\visualvnc-20130326\sys\passthru.h(25) : warning C4005: 'NTDDI_VERSION' : macro redefinition
1>f:\visualvnc-20130326\sys\passthru.h(25) : warning C4005: 'NTDDI_VERSION' : macro redefinition
1> command-line arguments :  see previous definition of 'NTDDI_VERSION'
1>f:\visualvnc-20130326\sys\precomp.h(10) : warning C4103: 'f:\visualvnc-20130326\sys\precomp.h' : alignment changed after including header, may be due to missing #pragma pack(pop)
1>f:\visualvnc-20130326\sys\precomp.h(10) : warning C4103: 'f:\visualvnc-20130326\sys\precomp.h' : alignment changed after including header, may be due to missing #pragma pack(pop)
1>f:\visualvnc-20130326\sys\analysispacket.c(1) : warning C4103: 'f:\visualvnc-20130326\sys\analysispacket.c' : alignment changed after including header, may be due to missing #pragma pack(pop)
1>f:\visualvnc-20130326\sys\analysispacket.c(1) : warning C4103: 'f:\visualvnc-20130326\sys\analysispacket.c' : alignment changed after including header, may be due to missing #pragma pack(pop)
1>hook.c
1>f:\visualvnc-20130326\sys\passthru.h(23) : warning C4103: 'f:\visualvnc-20130326\sys\passthru.h' : alignment changed after including header, may be due to missing #pragma pack(pop)
1>f:\visualvnc-20130326\sys\passthru.h(23) : warning C4103: 'f:\visualvnc-20130326\sys\passthru.h' : alignment changed after including header, may be due to missing #pragma pack(pop)
1>f:\visualvnc-20130326\sys\passthru.h(25) : warning C4005: 'NTDDI_VERSION' : macro redefinition
1>f:\visualvnc-20130326\sys\passthru.h(25) : warning C4005: 'NTDDI_VERSION' : macro redefinition
1> command-line arguments :  see previous definition of 'NTDDI_VERSION'
1>f:\visualvnc-20130326\sys\precomp.h(10) : warning C4103: 'f:\visualvnc-20130326\sys\precomp.h' : alignment changed after including header, may be due to missing #pragma pack(pop)
1>f:\visualvnc-20130326\sys\precomp.h(10) : warning C4103: 'f:\visualvnc-20130326\sys\precomp.h' : alignment changed after including header, may be due to missing #pragma pack(pop)
1>f:\visualvnc-20130326\sys\hook.c(1) : warning C4103: 'f:\visualvnc-20130326\sys\hook.c' : alignment changed after including header, may be due to missing #pragma pack(pop)
1>f:\visualvnc-20130326\sys\hook.c(1) : warning C4103: 'f:\visualvnc-20130326\sys\hook.c' : alignment changed after including header, may be due to missing #pragma pack(pop)
1>Generating Code...
1>f:\visualvnc-20130326\sys\passthru.c(1795) : warning C4716: 'analyzeBuffer' : must return a value
1>f:\visualvnc-20130326\sys\passthru.c(1795) : warning C4716: 'analyzeBuffer' : must return a value
1> E:\WinDDK\7600.16385.1\Bin\x86\oacr\oacrlink /out:f:\visualvnc-20130326\sys\objchk_win7_x86\i386\passthru.sys /machine:ix86 @f:\visualvnc-20130326\sys\objchk_win7_x86\i386\lnk.rsp
1>Microsoft (R) Incremental Linker Version 9.00.30729.207
1>Copyright (C) Microsoft Corporation.  All rights reserved.
1>/MERGE:_PAGE=PAGE 
1>/MERGE:_TEXT=.text 
1>/SECTION:INIT,d 
1>/OPT:REF 
1>/OPT:ICF 
1>/IGNORE:4198,4010,4037,4039,4065,4070,4078,4087,4089,4221 
1>/INCREMENTAL:NO 
1>/release 
1>/NODEFAULTLIB 
1>/WX 
1>/debug 
1>/debugtype:cv,fixup,pdata 
1>/version:6.1 
1>/osversion:6.1 
1>/functionpadmin:5 
1>/safeseh 
1>/pdbcompress 
1>/STACK:0x40000,0x1000 
1>/driver 
1>/base:0x10000 
1>/subsystem:native,6.01 
1>/entry:GsDriverEntry@8 
1>/out:f:\visualvnc-20130326\sys\objchk_win7_x86\i386\passthru.sys 
1>f:\visualvnc-20130326\sys\objchk_win7_x86\i386\passthru.res 
1>f:\visualvnc-20130326\sys\objchk_win7_x86\i386\miniport.obj 
1>f:\visualvnc-20130326\sys\objchk_win7_x86\i386\passthru.obj 
1>f:\visualvnc-20130326\sys\objchk_win7_x86\i386\protocol.obj 
1>f:\visualvnc-20130326\sys\objchk_win7_x86\i386\analysispacket.obj 
1>f:\visualvnc-20130326\sys\objchk_win7_x86\i386\hook.obj 
1>E:\WinDDK\7600.16385.1\lib\win7\i386\BufferOverflowK.lib 
1>E:\WinDDK\7600.16385.1\lib\win7\i386\ntoskrnl.lib 
1>E:\WinDDK\7600.16385.1\lib\win7\i386\hal.lib 
1>E:\WinDDK\7600.16385.1\lib\win7\i386\wmilib.lib 
1>E:\WinDDK\7600.16385.1\lib\win7\i386\ndis.lib 
